CRITICAL - 2024-05-31 00:54:34 --> CodeIgniter\View\Exceptions\ViewException: Invalid file: "pages/user.php"
[Method: GET, Route: pages/user]
in SYSTEMPATH\Exceptions\FrameworkException.php on line 41.
 1 SYSTEMPATH\View\View.php(222): CodeIgniter\Exceptions\FrameworkException::forInvalidFile('pages/user.php')
 2 SYSTEMPATH\Common.php(1171): CodeIgniter\View\View->render('pages/user', [], true)
 3 APPPATH\Controllers\Pages.php(83): view('pages/user', [...])
 4 SYSTEMPATH\CodeIgniter.php(933): App\Controllers\Pages->user()
 5 SYSTEMPATH\CodeIgniter.php(509): CodeIgniter\CodeIgniter->runController(Object(App\Controllers\Pages))
 6 SYSTEMPATH\CodeIgniter.php(355): CodeIgniter\CodeIgniter->handleRequest(null, Object(Config\Cache), false)
 7 SYSTEMPATH\Boot.php(312): CodeIgniter\CodeIgniter->run()
 8 SYSTEMPATH\Boot.php(67): CodeIgniter\Boot::runCodeIgniter(Object(CodeIgniter\CodeIgniter))
 9 FCPATH\index.php(56): CodeIgniter\Boot::bootWeb(Object(Config\Paths))
10 SYSTEMPATH\Commands\Server\rewrite.php(49): require_once('C:\\laragon\\www\\world_library\\public\\index.php')
CRITICAL - 2024-05-31 01:07:13 --> ArgumentCountError: Too few arguments to function CodeIgniter\Router\RouteCollection::post(), 1 passed in C:\laragon\www\world_library\app\Config\Routes.php on line 34 and at least 2 expected
[Method: GET, Route: pages/tambah]
in SYSTEMPATH\Router\RouteCollection.php on line 1063.
 1 APPPATH\Config\Routes.php(34): CodeIgniter\Router\RouteCollection->post('/')
 2 SYSTEMPATH\Router\RouteCollection.php(340): require('C:\\laragon\\www\\world_library\\app\\Config\\Routes.php')
 3 SYSTEMPATH\CodeIgniter.php(823): CodeIgniter\Router\RouteCollection->loadRoutes()
 4 SYSTEMPATH\CodeIgniter.php(457): CodeIgniter\CodeIgniter->tryToRouteIt(null)
 5 SYSTEMPATH\CodeIgniter.php(355): CodeIgniter\CodeIgniter->handleRequest(null, Object(Config\Cache), false)
 6 SYSTEMPATH\Boot.php(312): CodeIgniter\CodeIgniter->run()
 7 SYSTEMPATH\Boot.php(67): CodeIgniter\Boot::runCodeIgniter(Object(CodeIgniter\CodeIgniter))
 8 FCPATH\index.php(56): CodeIgniter\Boot::bootWeb(Object(Config\Paths))
 9 SYSTEMPATH\Commands\Server\rewrite.php(49): require_once('C:\\laragon\\www\\world_library\\public\\index.php')
CRITICAL - 2024-05-31 01:20:12 --> ErrorException: Undefined array key "kategori"
[Method: GET, Route: pages/tambah]
in APPPATH\Views\pages\tambah.php on line 98.
 1 APPPATH\Views\pages\tambah.php(98): CodeIgniter\Debug\Exceptions->errorHandler(2, 'Undefined array key "kategori"', 'C:\\laragon\\www\\world_library\\app\\Views\\pages\\tambah.php', 98)
 2 SYSTEMPATH\View\View.php(234): include('C:\\laragon\\www\\world_library\\app\\Views\\pages\\tambah.php')
 3 SYSTEMPATH\View\View.php(237): CodeIgniter\View\View->CodeIgniter\View\{closure}()
 4 SYSTEMPATH\Common.php(1171): CodeIgniter\View\View->render('/pages/tambah', [], true)
 5 APPPATH\Controllers\Tambah.php(27): view('/pages/tambah', [...])
 6 SYSTEMPATH\CodeIgniter.php(933): App\Controllers\Tambah->index()
 7 SYSTEMPATH\CodeIgniter.php(509): CodeIgniter\CodeIgniter->runController(Object(App\Controllers\Tambah))
 8 SYSTEMPATH\CodeIgniter.php(355): CodeIgniter\CodeIgniter->handleRequest(null, Object(Config\Cache), false)
 9 SYSTEMPATH\Boot.php(312): CodeIgniter\CodeIgniter->run()
10 SYSTEMPATH\Boot.php(67): CodeIgniter\Boot::runCodeIgniter(Object(CodeIgniter\CodeIgniter))
11 FCPATH\index.php(56): CodeIgniter\Boot::bootWeb(Object(Config\Paths))
12 SYSTEMPATH\Commands\Server\rewrite.php(49): require_once('C:\\laragon\\www\\world_library\\public\\index.php')
CRITICAL - 2024-05-31 01:23:32 --> ErrorException: Undefined array key "kategori"
[Method: GET, Route: pages/tambah]
in APPPATH\Views\pages\tambah.php on line 98.
 1 APPPATH\Views\pages\tambah.php(98): CodeIgniter\Debug\Exceptions->errorHandler(2, 'Undefined array key "kategori"', 'C:\\laragon\\www\\world_library\\app\\Views\\pages\\tambah.php', 98)
 2 SYSTEMPATH\View\View.php(234): include('C:\\laragon\\www\\world_library\\app\\Views\\pages\\tambah.php')
 3 SYSTEMPATH\View\View.php(237): CodeIgniter\View\View->CodeIgniter\View\{closure}()
 4 SYSTEMPATH\Common.php(1171): CodeIgniter\View\View->render('/pages/tambah', [], true)
 5 APPPATH\Controllers\Tambah.php(27): view('/pages/tambah', [...])
 6 SYSTEMPATH\CodeIgniter.php(933): App\Controllers\Tambah->index()
 7 SYSTEMPATH\CodeIgniter.php(509): CodeIgniter\CodeIgniter->runController(Object(App\Controllers\Tambah))
 8 SYSTEMPATH\CodeIgniter.php(355): CodeIgniter\CodeIgniter->handleRequest(null, Object(Config\Cache), false)
 9 SYSTEMPATH\Boot.php(312): CodeIgniter\CodeIgniter->run()
10 SYSTEMPATH\Boot.php(67): CodeIgniter\Boot::runCodeIgniter(Object(CodeIgniter\CodeIgniter))
11 FCPATH\index.php(56): CodeIgniter\Boot::bootWeb(Object(Config\Paths))
12 SYSTEMPATH\Commands\Server\rewrite.php(49): require_once('C:\\laragon\\www\\world_library\\public\\index.php')
CRITICAL - 2024-05-31 02:05:38 --> ErrorException: Undefined array key "kategori"
[Method: GET, Route: pages/tambah]
in APPPATH\Views\pages\tambah.php on line 98.
 1 APPPATH\Views\pages\tambah.php(98): CodeIgniter\Debug\Exceptions->errorHandler(2, 'Undefined array key "kategori"', 'C:\\laragon\\www\\world_library\\app\\Views\\pages\\tambah.php', 98)
 2 SYSTEMPATH\View\View.php(234): include('C:\\laragon\\www\\world_library\\app\\Views\\pages\\tambah.php')
 3 SYSTEMPATH\View\View.php(237): CodeIgniter\View\View->CodeIgniter\View\{closure}()
 4 SYSTEMPATH\Common.php(1171): CodeIgniter\View\View->render('/pages/tambah', [], true)
 5 APPPATH\Controllers\Tambah.php(27): view('/pages/tambah', [...])
 6 SYSTEMPATH\CodeIgniter.php(933): App\Controllers\Tambah->index()
 7 SYSTEMPATH\CodeIgniter.php(509): CodeIgniter\CodeIgniter->runController(Object(App\Controllers\Tambah))
 8 SYSTEMPATH\CodeIgniter.php(355): CodeIgniter\CodeIgniter->handleRequest(null, Object(Config\Cache), false)
 9 SYSTEMPATH\Boot.php(312): CodeIgniter\CodeIgniter->run()
10 SYSTEMPATH\Boot.php(67): CodeIgniter\Boot::runCodeIgniter(Object(CodeIgniter\CodeIgniter))
11 FCPATH\index.php(56): CodeIgniter\Boot::bootWeb(Object(Config\Paths))
12 SYSTEMPATH\Commands\Server\rewrite.php(49): require_once('C:\\laragon\\www\\world_library\\public\\index.php')
