INFO - 2024-05-25 20:45:01 --> Session: Class initialized using 'CodeIgniter\Session\Handlers\FileHandler' driver.
CRITICAL - 2024-05-25 20:45:01 --> ErrorException: Trying to access array offset on value of type null
[Method: GET, Route: pages/about]
in APPPATH\Views\layout\navbar.php on line 21.
 1 APPPATH\Views\layout\navbar.php(21): CodeIgniter\Debug\Exceptions->errorHandler(2, 'Trying to access array offset on value of type null', 'C:\\xampp\\htdocs\\projek\\app\\Views\\layout\\navbar.php', 21)
 2 SYSTEMPATH\View\View.php(234): include('C:\\xampp\\htdocs\\projek\\app\\Views\\layout\\navbar.php')
 3 SYSTEMPATH\View\View.php(237): CodeIgniter\View\View->CodeIgniter\View\{closure}()
 4 SYSTEMPATH\View\View.php(484): CodeIgniter\View\View->render('layout/navbar', [...], true)
 5 APPPATH\Views\layout\template.php(56): CodeIgniter\View\View->include('layout/navbar', [...])
 6 SYSTEMPATH\View\View.php(234): include('C:\\xampp\\htdocs\\projek\\app\\Views\\layout\\template.php')
 7 SYSTEMPATH\View\View.php(237): CodeIgniter\View\View->CodeIgniter\View\{closure}()
 8 SYSTEMPATH\View\View.php(250): CodeIgniter\View\View->render('layout/template', [], true)
 9 SYSTEMPATH\Common.php(1171): CodeIgniter\View\View->render('pages/about', [], true)
10 APPPATH\Controllers\Pages.php(37): view('pages/about', [...])
11 SYSTEMPATH\CodeIgniter.php(933): App\Controllers\Pages->about()
12 SYSTEMPATH\CodeIgniter.php(509): CodeIgniter\CodeIgniter->runController(Object(App\Controllers\Pages))
13 SYSTEMPATH\CodeIgniter.php(355): CodeIgniter\CodeIgniter->handleRequest(null, Object(Config\Cache), false)
14 SYSTEMPATH\Boot.php(312): CodeIgniter\CodeIgniter->run()
15 SYSTEMPATH\Boot.php(67): CodeIgniter\Boot::runCodeIgniter(Object(CodeIgniter\CodeIgniter))
16 FCPATH\index.php(56): CodeIgniter\Boot::bootWeb(Object(Config\Paths))
17 SYSTEMPATH\Commands\Server\rewrite.php(49): require_once('C:\\xampp\\htdocs\\projek\\public\\index.php')
INFO - 2024-05-25 20:45:10 --> Session: Class initialized using 'CodeIgniter\Session\Handlers\FileHandler' driver.
CRITICAL - 2024-05-25 20:45:10 --> ErrorException: Trying to access array offset on value of type null
[Method: GET, Route: pages/]
in APPPATH\Views\layout\navbar.php on line 21.
 1 APPPATH\Views\layout\navbar.php(21): CodeIgniter\Debug\Exceptions->errorHandler(2, 'Trying to access array offset on value of type null', 'C:\\xampp\\htdocs\\projek\\app\\Views\\layout\\navbar.php', 21)
 2 SYSTEMPATH\View\View.php(234): include('C:\\xampp\\htdocs\\projek\\app\\Views\\layout\\navbar.php')
 3 SYSTEMPATH\View\View.php(237): CodeIgniter\View\View->CodeIgniter\View\{closure}()
 4 SYSTEMPATH\View\View.php(484): CodeIgniter\View\View->render('layout/navbar', [...], true)
 5 APPPATH\Views\layout\template.php(56): CodeIgniter\View\View->include('layout/navbar', [...])
 6 SYSTEMPATH\View\View.php(234): include('C:\\xampp\\htdocs\\projek\\app\\Views\\layout\\template.php')
 7 SYSTEMPATH\View\View.php(237): CodeIgniter\View\View->CodeIgniter\View\{closure}()
 8 SYSTEMPATH\View\View.php(250): CodeIgniter\View\View->render('layout/template', [], true)
 9 SYSTEMPATH\Common.php(1171): CodeIgniter\View\View->render('pages/index', [], true)
10 APPPATH\Controllers\Pages.php(16): view('pages/index', [...])
11 SYSTEMPATH\CodeIgniter.php(933): App\Controllers\Pages->index()
12 SYSTEMPATH\CodeIgniter.php(509): CodeIgniter\CodeIgniter->runController(Object(App\Controllers\Pages))
13 SYSTEMPATH\CodeIgniter.php(355): CodeIgniter\CodeIgniter->handleRequest(null, Object(Config\Cache), false)
14 SYSTEMPATH\Boot.php(312): CodeIgniter\CodeIgniter->run()
15 SYSTEMPATH\Boot.php(67): CodeIgniter\Boot::runCodeIgniter(Object(CodeIgniter\CodeIgniter))
16 FCPATH\index.php(56): CodeIgniter\Boot::bootWeb(Object(Config\Paths))
17 SYSTEMPATH\Commands\Server\rewrite.php(49): require_once('C:\\xampp\\htdocs\\projek\\public\\index.php')
